<?xml version="1.0" encoding="UTF-8"?>
<!-- Generated by org.testng.reporters.JUnitXMLReporter -->
<testsuite ignored="0" hostname="RGDevice" failures="1" tests="3" name="Test" time="0.077" errors="0" timestamp="2024-06-08T16:49:22 IST">
  <testcase classname="TestNG_Listners.ItestListenerWithExample" name="testMethod1" time="0.014"/>
  <testcase classname="TestNG_Listners.ItestListenerWithExample" name="testMethod2" time="0.009">
    <failure type="java.lang.AssertionError" message="expected [11] but found [10]">
      <![CDATA[java.lang.AssertionError: expected [11] but found [10]
at TestNG_Listners.ItestListenerWithExample.testMethod2(ItestListenerWithExample.java:25)
at java.base/java.util.ArrayList.forEach(ArrayList.java:1511)
... Removed 32 stack frames]]>
    </failure>
  </testcase> <!-- testMethod2 -->
  <testcase classname="TestNG_Listners.ItestListenerWithExample" name="testMethod3" time="0.001"/>
</testsuite> <!-- Test -->
